<?xml version="1.0" encoding="UTF-8"?>
<coverage generated="1709905831785" clover="3.2.0">
  <project timestamp="1709905831785" name="All files">
    <metrics statements="44" coveredstatements="38" conditionals="14" coveredconditionals="8" methods="11" coveredmethods="10" elements="69" coveredelements="56" complexity="0" loc="44" ncloc="44" packages="2" files="2" classes="2"/>
    <package name="api.controllers">
      <metrics statements="40" coveredstatements="34" conditionals="12" coveredconditionals="8" methods="9" coveredmethods="8"/>
      <file name="shopify.controller.js" path="/Users/umersurkhail/Documents/Umer Surkhail/Interviews/Aneeqa-Muzamil/05-03-2024/shopify-products-finder/api/controllers/shopify.controller.js">
        <metrics statements="40" coveredstatements="34" conditionals="12" coveredconditionals="8" methods="9" coveredmethods="8"/>
        <line num="1" count="1" type="stmt"/>
        <line num="2" count="1" type="stmt"/>
        <line num="3" count="1" type="stmt"/>
        <line num="6" count="1" type="stmt"/>
        <line num="7" count="0" type="stmt"/>
        <line num="8" count="0" type="stmt"/>
        <line num="9" count="0" type="stmt"/>
        <line num="10" count="0" type="stmt"/>
        <line num="12" count="0" type="stmt"/>
        <line num="17" count="1" type="stmt"/>
        <line num="18" count="3" type="stmt"/>
        <line num="19" count="3" type="stmt"/>
        <line num="20" count="3" type="stmt"/>
        <line num="21" count="2" type="stmt"/>
        <line num="23" count="2" type="cond" truecount="2" falsecount="0"/>
        <line num="24" count="1" type="stmt"/>
        <line num="29" count="16" type="stmt"/>
        <line num="30" count="1" type="stmt"/>
        <line num="31" count="1" type="stmt"/>
        <line num="32" count="1" type="stmt"/>
        <line num="34" count="1" type="stmt"/>
        <line num="42" count="1" type="stmt"/>
        <line num="49" count="1" type="cond" truecount="0" falsecount="1"/>
        <line num="50" count="3" type="stmt"/>
        <line num="52" count="3" type="stmt"/>
        <line num="55" count="3" type="stmt"/>
        <line num="58" count="3" type="stmt"/>
        <line num="61" count="3" type="cond" truecount="4" falsecount="0"/>
        <line num="65" count="3" type="stmt"/>
        <line num="69" count="0" type="stmt"/>
        <line num="77" count="1" type="cond" truecount="0" falsecount="1"/>
        <line num="78" count="5" type="stmt"/>
        <line num="80" count="65" type="cond" truecount="0" falsecount="2"/>
        <line num="82" count="65" type="stmt"/>
        <line num="83" count="888" type="stmt"/>
        <line num="86" count="462" type="stmt"/>
        <line num="89" count="876" type="stmt"/>
        <line num="92" count="65" type="cond" truecount="2" falsecount="0"/>
        <line num="95" count="5" type="stmt"/>
        <line num="98" count="1" type="stmt"/>
      </file>
    </package>
    <package name="config">
      <metrics statements="4" coveredstatements="4" conditionals="2" coveredconditionals="0" methods="2" coveredmethods="2"/>
      <file name="config.js" path="/Users/umersurkhail/Documents/Umer Surkhail/Interviews/Aneeqa-Muzamil/05-03-2024/shopify-products-finder/config/config.js">
        <metrics statements="4" coveredstatements="4" conditionals="2" coveredconditionals="0" methods="2" coveredmethods="2"/>
        <line num="1" count="3" type="cond" truecount="0" falsecount="1"/>
        <line num="3" count="3" type="cond" truecount="0" falsecount="1"/>
        <line num="6" count="1" type="stmt"/>
        <line num="17" count="1" type="stmt"/>
      </file>
    </package>
  </project>
</coverage>
