{"/Users/umersurkhail/Documents/Umer Surkhail/Interviews/Aneeqa-Muzamil/05-03-2024/shopify-products-finder/api/controllers/shopify.controller.js": {"path":"/Users/umersurkhail/Documents/Umer Surkhail/Interviews/Aneeqa-Muzamil/05-03-2024/shopify-products-finder/api/controllers/shopify.controller.js","statementMap":{"0":{"start":{"line":1,"column":14},"end":{"line":1,"column":30}},"1":{"start":{"line":2,"column":16},"end":{"line":2,"column":34}},"2":{"start":{"line":3,"column":75},"end":{"line":3,"column":108}},"3":{"start":{"line":6,"column":18},"end":{"line":14,"column":1}},"4":{"start":{"line":7,"column":4},"end":{"line":13,"column":5}},"5":{"start":{"line":8,"column":24},"end":{"line":8,"column":32}},"6":{"start":{"line":9,"column":42},"end":{"line":9,"column":68}},"7":{"start":{"line":10,"column":8},"end":{"line":10,"column":51}},"8":{"start":{"line":12,"column":8},"end":{"line":12,"column":62}},"9":{"start":{"line":17,"column":24},"end":{"line":47,"column":1}},"10":{"start":{"line":18,"column":4},"end":{"line":46,"column":5}},"11":{"start":{"line":19,"column":40},"end":{"line":19,"column":71}},"12":{"start":{"line":20,"column":25},"end":{"line":20,"column":65}},"13":{"start":{"line":21,"column":25},"end":{"line":21,"column":58}},"14":{"start":{"line":23,"column":8},"end":{"line":27,"column":14}},"15":{"start":{"line":24,"column":12},"end":{"line":27,"column":14}},"16":{"start":{"line":29,"column":23},"end":{"line":29,"column":85}},"17":{"start":{"line":29,"column":47},"end":{"line":29,"column":84}},"18":{"start":{"line":30,"column":25},"end":{"line":30,"column":55}},"19":{"start":{"line":31,"column":25},"end":{"line":31,"column":55}},"20":{"start":{"line":32,"column":29},"end":{"line":32,"column":51}},"21":{"start":{"line":34,"column":8},"end":{"line":40,"column":10}},"22":{"start":{"line":42,"column":8},"end":{"line":45,"column":10}},"23":{"start":{"line":49,"column":20},"end":{"line":74,"column":1}},"24":{"start":{"line":50,"column":4},"end":{"line":73,"column":5}},"25":{"start":{"line":52,"column":32},"end":{"line":52,"column":55}},"26":{"start":{"line":55,"column":31},"end":{"line":55,"column":63}},"27":{"start":{"line":58,"column":18},"end":{"line":58,"column":36}},"28":{"start":{"line":61,"column":25},"end":{"line":63,"column":69}},"29":{"start":{"line":65,"column":8},"end":{"line":67,"column":10}},"30":{"start":{"line":69,"column":8},"end":{"line":72,"column":10}},"31":{"start":{"line":77,"column":20},"end":{"line":96,"column":1}},"32":{"start":{"line":78,"column":19},"end":{"line":93,"column":6}},"33":{"start":{"line":80,"column":62},"end":{"line":80,"column":69}},"34":{"start":{"line":82,"column":37},"end":{"line":82,"column":62}},"35":{"start":{"line":83,"column":30},"end":{"line":83,"column":64}},"36":{"start":{"line":83,"column":46},"end":{"line":83,"column":63}},"37":{"start":{"line":86,"column":35},"end":{"line":86,"column":105}},"38":{"start":{"line":86,"column":66},"end":{"line":86,"column":104}},"39":{"start":{"line":89,"column":28},"end":{"line":89,"column":83}},"40":{"start":{"line":89,"column":54},"end":{"line":89,"column":82}},"41":{"start":{"line":92,"column":8},"end":{"line":92,"column":49}},"42":{"start":{"line":95,"column":4},"end":{"line":95,"column":18}},"43":{"start":{"line":98,"column":0},"end":{"line":103,"column":1}}},"fnMap":{"0":{"name":"(anonymous_0)","decl":{"start":{"line":6,"column":18},"end":{"line":6,"column":19}},"loc":{"start":{"line":6,"column":38},"end":{"line":14,"column":1}},"line":6},"1":{"name":"(anonymous_1)","decl":{"start":{"line":17,"column":24},"end":{"line":17,"column":25}},"loc":{"start":{"line":17,"column":39},"end":{"line":47,"column":1}},"line":17},"2":{"name":"(anonymous_2)","decl":{"start":{"line":29,"column":36},"end":{"line":29,"column":37}},"loc":{"start":{"line":29,"column":47},"end":{"line":29,"column":84}},"line":29},"3":{"name":"(anonymous_3)","decl":{"start":{"line":49,"column":20},"end":{"line":49,"column":21}},"loc":{"start":{"line":49,"column":40},"end":{"line":74,"column":1}},"line":49},"4":{"name":"(anonymous_4)","decl":{"start":{"line":77,"column":20},"end":{"line":77,"column":21}},"loc":{"start":{"line":77,"column":39},"end":{"line":96,"column":1}},"line":77},"5":{"name":"(anonymous_5)","decl":{"start":{"line":78,"column":35},"end":{"line":78,"column":36}},"loc":{"start":{"line":78,"column":48},"end":{"line":93,"column":5}},"line":78},"6":{"name":"(anonymous_6)","decl":{"start":{"line":83,"column":39},"end":{"line":83,"column":40}},"loc":{"start":{"line":83,"column":46},"end":{"line":83,"column":63}},"line":83},"7":{"name":"(anonymous_7)","decl":{"start":{"line":86,"column":55},"end":{"line":86,"column":56}},"loc":{"start":{"line":86,"column":66},"end":{"line":86,"column":104}},"line":86},"8":{"name":"(anonymous_8)","decl":{"start":{"line":89,"column":47},"end":{"line":89,"column":48}},"loc":{"start":{"line":89,"column":54},"end":{"line":89,"column":82}},"line":89}},"branchMap":{"0":{"loc":{"start":{"line":23,"column":8},"end":{"line":27,"column":14}},"type":"if","locations":[{"start":{"line":23,"column":8},"end":{"line":27,"column":14}},{"start":{},"end":{}}],"line":23},"1":{"loc":{"start":{"line":49,"column":27},"end":{"line":49,"column":35}},"type":"default-arg","locations":[{"start":{"line":49,"column":33},"end":{"line":49,"column":35}}],"line":49},"2":{"loc":{"start":{"line":61,"column":25},"end":{"line":63,"column":69}},"type":"binary-expr","locations":[{"start":{"line":61,"column":25},"end":{"line":61,"column":67}},{"start":{"line":62,"column":12},"end":{"line":62,"column":67}},{"start":{"line":63,"column":12},"end":{"line":63,"column":63}},{"start":{"line":63,"column":67},"end":{"line":63,"column":69}}],"line":61},"3":{"loc":{"start":{"line":77,"column":21},"end":{"line":77,"column":34}},"type":"default-arg","locations":[{"start":{"line":77,"column":32},"end":{"line":77,"column":34}}],"line":77},"4":{"loc":{"start":{"line":80,"column":30},"end":{"line":80,"column":46}},"type":"default-arg","locations":[{"start":{"line":80,"column":44},"end":{"line":80,"column":46}}],"line":80},"5":{"loc":{"start":{"line":80,"column":48},"end":{"line":80,"column":57}},"type":"default-arg","locations":[{"start":{"line":80,"column":55},"end":{"line":80,"column":57}}],"line":80},"6":{"loc":{"start":{"line":92,"column":15},"end":{"line":92,"column":48}},"type":"binary-expr","locations":[{"start":{"line":92,"column":15},"end":{"line":92,"column":33}},{"start":{"line":92,"column":37},"end":{"line":92,"column":48}}],"line":92}},"s":{"0":1,"1":1,"2":1,"3":1,"4":0,"5":0,"6":0,"7":0,"8":0,"9":1,"10":3,"11":3,"12":3,"13":2,"14":2,"15":1,"16":1,"17":16,"18":1,"19":1,"20":1,"21":1,"22":1,"23":1,"24":3,"25":3,"26":3,"27":3,"28":3,"29":3,"30":0,"31":1,"32":5,"33":65,"34":65,"35":65,"36":888,"37":65,"38":462,"39":65,"40":876,"41":65,"42":5,"43":1},"f":{"0":0,"1":3,"2":16,"3":3,"4":5,"5":65,"6":888,"7":462,"8":876},"b":{"0":[1,1],"1":[0],"2":[3,1,1,1],"3":[0],"4":[0],"5":[0],"6":[65,47]},"_coverageSchema":"1a1c01bbd47fc00a2c39e90264f33305004495a9","hash":"9c18aeb7cad7c3936bc30a43428b59ecc0ba66eb"}
,"/Users/umersurkhail/Documents/Umer Surkhail/Interviews/Aneeqa-Muzamil/05-03-2024/shopify-products-finder/config/config.js": {"path":"/Users/umersurkhail/Documents/Umer Surkhail/Interviews/Aneeqa-Muzamil/05-03-2024/shopify-products-finder/config/config.js","statementMap":{"0":{"start":{"line":1,"column":27},"end":{"line":1,"column":57}},"1":{"start":{"line":1,"column":41},"end":{"line":1,"column":57}},"2":{"start":{"line":3,"column":35},"end":{"line":3,"column":79}},"3":{"start":{"line":3,"column":49},"end":{"line":3,"column":79}},"4":{"start":{"line":6,"column":23},"end":{"line":15,"column":1}},"5":{"start":{"line":17,"column":0},"end":{"line":21,"column":1}}},"fnMap":{"0":{"name":"(anonymous_0)","decl":{"start":{"line":1,"column":27},"end":{"line":1,"column":28}},"loc":{"start":{"line":1,"column":41},"end":{"line":1,"column":57}},"line":1},"1":{"name":"(anonymous_1)","decl":{"start":{"line":3,"column":35},"end":{"line":3,"column":36}},"loc":{"start":{"line":3,"column":49},"end":{"line":3,"column":79}},"line":3}},"branchMap":{"0":{"loc":{"start":{"line":1,"column":28},"end":{"line":1,"column":36}},"type":"default-arg","locations":[{"start":{"line":1,"column":34},"end":{"line":1,"column":36}}],"line":1},"1":{"loc":{"start":{"line":3,"column":36},"end":{"line":3,"column":44}},"type":"default-arg","locations":[{"start":{"line":3,"column":42},"end":{"line":3,"column":44}}],"line":3}},"s":{"0":1,"1":3,"2":1,"3":3,"4":1,"5":1},"f":{"0":3,"1":3},"b":{"0":[0],"1":[0]},"_coverageSchema":"1a1c01bbd47fc00a2c39e90264f33305004495a9","hash":"611f33993b091a4882bc5fbeacd80d89372cf5f1"}
}
