TN:
SF:api/controllers/shopify.controller.js
FN:6,(anonymous_0)
FN:17,(anonymous_1)
FN:29,(anonymous_2)
FN:49,(anonymous_3)
FN:77,(anonymous_4)
FN:78,(anonymous_5)
FN:83,(anonymous_6)
FN:86,(anonymous_7)
FN:89,(anonymous_8)
FNF:9
FNH:8
FNDA:0,(anonymous_0)
FNDA:3,(anonymous_1)
FNDA:16,(anonymous_2)
FNDA:3,(anonymous_3)
FNDA:5,(anonymous_4)
FNDA:65,(anonymous_5)
FNDA:888,(anonymous_6)
FNDA:462,(anonymous_7)
FNDA:876,(anonymous_8)
DA:1,1
DA:2,1
DA:3,1
DA:6,1
DA:7,0
DA:8,0
DA:9,0
DA:10,0
DA:12,0
DA:17,1
DA:18,3
DA:19,3
DA:20,3
DA:21,2
DA:23,2
DA:24,1
DA:29,16
DA:30,1
DA:31,1
DA:32,1
DA:34,1
DA:42,1
DA:49,1
DA:50,3
DA:52,3
DA:55,3
DA:58,3
DA:61,3
DA:65,3
DA:69,0
DA:77,1
DA:78,5
DA:80,65
DA:82,65
DA:83,888
DA:86,462
DA:89,876
DA:92,65
DA:95,5
DA:98,1
LF:40
LH:34
BRDA:23,0,0,1
BRDA:23,0,1,1
BRDA:49,1,0,0
BRDA:61,2,0,3
BRDA:61,2,1,1
BRDA:61,2,2,1
BRDA:61,2,3,1
BRDA:77,3,0,0
BRDA:80,4,0,0
BRDA:80,5,0,0
BRDA:92,6,0,65
BRDA:92,6,1,47
BRF:12
BRH:8
end_of_record
TN:
SF:config/config.js
FN:1,(anonymous_0)
FN:3,(anonymous_1)
FNF:2
FNH:2
FNDA:3,(anonymous_0)
FNDA:3,(anonymous_1)
DA:1,3
DA:3,3
DA:6,1
DA:17,1
LF:4
LH:4
BRDA:1,0,0,0
BRDA:3,1,0,0
BRF:2
BRH:0
end_of_record
